mode: set
example/service/employees/service.go:14.40,16.2 1 1
example/service/employees/service.go:18.70,21.16 2 1
example/service/employees/service.go:24.2,24.18 1 1
example/service/employees/service.go:21.16,23.3 1 1
example/service/employees/service.go:27.80,30.16 2 1
example/service/employees/service.go:34.2,34.18 1 1
example/service/employees/service.go:30.16,32.3 1 1
example/service/employees/service.go:37.96,40.16 2 1
example/service/employees/service.go:44.2,44.18 1 1
example/service/employees/service.go:40.16,42.3 1 1
example/service/employees/service.go:47.96,50.16 2 1
example/service/employees/service.go:54.2,54.18 1 1
example/service/employees/service.go:50.16,52.3 1 1
